d:\清华学习\大四下\网络空间安全技术\midterm project\des cryptoanalysis\des cryptoanalysis\debug\des cryptoanalysis.pch
d:\清华学习\大四下\网络空间安全技术\midterm project\des cryptoanalysis\des cryptoanalysis\debug\vc141.pdb
d:\清华学习\大四下\网络空间安全技术\midterm project\des cryptoanalysis\des cryptoanalysis\debug\vc141.idb
d:\清华学习\大四下\网络空间安全技术\midterm project\des cryptoanalysis\des cryptoanalysis\debug\stdafx.obj
d:\清华学习\大四下\网络空间安全技术\midterm project\des cryptoanalysis\des cryptoanalysis\debug\des cryptoanalysisdlg.obj
d:\清华学习\大四下\网络空间安全技术\midterm project\des cryptoanalysis\des cryptoanalysis\debug\des cryptoanalysis.obj
d:\清华学习\大四下\网络空间安全技术\midterm project\des cryptoanalysis\des cryptoanalysis\debug\descryptoanalysis.res
d:\清华学习\大四下\网络空间安全技术\midterm project\des cryptoanalysis\debug\des cryptoanalysis.pdb
d:\清华学习\大四下\网络空间安全技术\midterm project\des cryptoanalysis\des cryptoanalysis\debug\des cryp.ae8c68a4.tlog\cl.command.1.tlog
d:\清华学习\大四下\网络空间安全技术\midterm project\des cryptoanalysis\des cryptoanalysis\debug\des cryp.ae8c68a4.tlog\cl.read.1.tlog
d:\清华学习\大四下\网络空间安全技术\midterm project\des cryptoanalysis\des cryptoanalysis\debug\des cryp.ae8c68a4.tlog\cl.write.1.tlog
d:\清华学习\大四下\网络空间安全技术\midterm project\des cryptoanalysis\des cryptoanalysis\debug\des cryp.ae8c68a4.tlog\link-cvtres.read.1.tlog
d:\清华学习\大四下\网络空间安全技术\midterm project\des cryptoanalysis\des cryptoanalysis\debug\des cryp.ae8c68a4.tlog\link-cvtres.write.1.tlog
d:\清华学习\大四下\网络空间安全技术\midterm project\des cryptoanalysis\des cryptoanalysis\debug\des cryp.ae8c68a4.tlog\link-mt.read.1.tlog
d:\清华学习\大四下\网络空间安全技术\midterm project\des cryptoanalysis\des cryptoanalysis\debug\des cryp.ae8c68a4.tlog\link-mt.write.1.tlog
d:\清华学习\大四下\网络空间安全技术\midterm project\des cryptoanalysis\des cryptoanalysis\debug\des cryp.ae8c68a4.tlog\link-rc.read.1.tlog
d:\清华学习\大四下\网络空间安全技术\midterm project\des cryptoanalysis\des cryptoanalysis\debug\des cryp.ae8c68a4.tlog\link-rc.write.1.tlog
d:\清华学习\大四下\网络空间安全技术\midterm project\des cryptoanalysis\des cryptoanalysis\debug\des cryp.ae8c68a4.tlog\link.15072-cvtres.read.1.tlog
d:\清华学习\大四下\网络空间安全技术\midterm project\des cryptoanalysis\des cryptoanalysis\debug\des cryp.ae8c68a4.tlog\link.15072-cvtres.write.1.tlog
d:\清华学习\大四下\网络空间安全技术\midterm project\des cryptoanalysis\des cryptoanalysis\debug\des cryp.ae8c68a4.tlog\link.15072-mt.read.1.tlog
d:\清华学习\大四下\网络空间安全技术\midterm project\des cryptoanalysis\des cryptoanalysis\debug\des cryp.ae8c68a4.tlog\link.15072-mt.write.1.tlog
d:\清华学习\大四下\网络空间安全技术\midterm project\des cryptoanalysis\des cryptoanalysis\debug\des cryp.ae8c68a4.tlog\link.15072-rc.read.1.tlog
d:\清华学习\大四下\网络空间安全技术\midterm project\des cryptoanalysis\des cryptoanalysis\debug\des cryp.ae8c68a4.tlog\link.15072-rc.write.1.tlog
d:\清华学习\大四下\网络空间安全技术\midterm project\des cryptoanalysis\des cryptoanalysis\debug\des cryp.ae8c68a4.tlog\link.15072.read.1.tlog
d:\清华学习\大四下\网络空间安全技术\midterm project\des cryptoanalysis\des cryptoanalysis\debug\des cryp.ae8c68a4.tlog\link.15072.write.1.tlog
d:\清华学习\大四下\网络空间安全技术\midterm project\des cryptoanalysis\des cryptoanalysis\debug\des cryp.ae8c68a4.tlog\link.command.1.tlog
d:\清华学习\大四下\网络空间安全技术\midterm project\des cryptoanalysis\des cryptoanalysis\debug\des cryp.ae8c68a4.tlog\link.read.1.tlog
d:\清华学习\大四下\网络空间安全技术\midterm project\des cryptoanalysis\des cryptoanalysis\debug\des cryp.ae8c68a4.tlog\link.write.1.tlog
d:\清华学习\大四下\网络空间安全技术\midterm project\des cryptoanalysis\des cryptoanalysis\debug\des cryp.ae8c68a4.tlog\rc.command.1.tlog
d:\清华学习\大四下\网络空间安全技术\midterm project\des cryptoanalysis\des cryptoanalysis\debug\des cryp.ae8c68a4.tlog\rc.read.1.tlog
d:\清华学习\大四下\网络空间安全技术\midterm project\des cryptoanalysis\des cryptoanalysis\debug\des cryp.ae8c68a4.tlog\rc.write.1.tlog
